# JRE version: OpenJDK Runtime Environment Temurin-17.0.9+9 (17.0.9+9) (build 17.0.9+9)
# Java VM: OpenJDK 64-Bit Server VM Temurin-17.0.9+9 (17.0.9+9, mixed mode, tiered, compressed oops, compressed class ptrs, g1 gc, windows-amd64)
GC Precious Log:
 CPUs: 24 total, 24 available
 Memory: 16068M
 Large Page Support: Disabled
 NUMA Support: Disabled
 Compressed Oops: Enabled (Zero based)
 Heap Region Size: 2M
 Heap Min Capacity: 8M
 Heap Initial Capacity: 252M
 Heap Max Capacity: 4018M
 Pre-touch: Disabled
 Parallel Workers: 18
 Concurrent Workers: 5
 Concurrent Refinement Workers: 18
 Periodic GC: Disabled
Heap:
 garbage-first heap   total 28672K, used 10646K [0x0000000704e00000, 0x0000000800000000)
  region size 2048K, 4 young (8192K), 1 survivors (2048K)
 Metaspace       used 26543K, committed 26688K, reserved 1114112K
  class space    used 2727K, committed 2816K, reserved 1048576K
GC Heap History (10 events):
Event: 0.309 GC heap before
{Heap before GC invocations=0 (full 0):
 garbage-first heap   total 258048K, used 22528K [0x0000000704e00000, 0x0000000800000000)
  region size 2048K, 11 young (22528K), 0 survivors (0K)
 Metaspace       used 14202K, committed 14400K, reserved 1114112K
  class space    used 1343K, committed 1472K, reserved 1048576K
}
Event: 0.312 GC heap after
{Heap after GC invocations=1 (full 0):
 garbage-first heap   total 258048K, used 3369K [0x0000000704e00000, 0x0000000800000000)
  region size 2048K, 2 young (4096K), 2 survivors (4096K)
 Metaspace       used 14202K, committed 14400K, reserved 1114112K
  class space    used 1343K, committed 1472K, reserved 1048576K
}
Event: 0.494 GC heap before
{Heap before GC invocations=1 (full 0):
 garbage-first heap   total 258048K, used 23849K [0x0000000704e00000, 0x0000000800000000)
  region size 2048K, 14 young (28672K), 2 survivors (4096K)
 Metaspace       used 21338K, committed 21504K, reserved 1114112K
  class space    used 2138K, committed 2240K, reserved 1048576K
}
Event: 0.497 GC heap after
{Heap after GC invocations=2 (full 0):
 garbage-first heap   total 258048K, used 5658K [0x0000000704e00000, 0x0000000800000000)
  region size 2048K, 3 young (6144K), 3 survivors (6144K)
 Metaspace       used 21338K, committed 21504K, reserved 1114112K
  class space    used 2138K, committed 2240K, reserved 1048576K
}
Event: 0.624 GC heap before
{Heap before GC invocations=3 (full 0):
 garbage-first heap   total 28672K, used 17946K [0x0000000704e00000, 0x0000000800000000)
  region size 2048K, 10 young (20480K), 3 survivors (6144K)
 Metaspace       used 23352K, committed 23552K, reserved 1114112K
  class space    used 2370K, committed 2496K, reserved 1048576K
}
Event: 0.627 GC heap after
{Heap after GC invocations=4 (full 0):
 garbage-first heap   total 28672K, used 5762K [0x0000000704e00000, 0x0000000800000000)
  region size 2048K, 3 young (6144K), 3 survivors (6144K)
 Metaspace       used 23352K, committed 23552K, reserved 1114112K
  class space    used 2370K, committed 2496K, reserved 1048576K
}
Event: 0.679 GC heap before
{Heap before GC invocations=4 (full 0):
 garbage-first heap   total 28672K, used 16002K [0x0000000704e00000, 0x0000000800000000)
  region size 2048K, 8 young (16384K), 3 survivors (6144K)
 Metaspace       used 24486K, committed 24640K, reserved 1114112K
  class space    used 2493K, committed 2560K, reserved 1048576K
}
Event: 0.682 GC heap after
{Heap after GC invocations=5 (full 0):
 garbage-first heap   total 28672K, used 6659K [0x0000000704e00000, 0x0000000800000000)
  region size 2048K, 1 young (2048K), 1 survivors (2048K)
 Metaspace       used 24486K, committed 24640K, reserved 1114112K
  class space    used 2493K, committed 2560K, reserved 1048576K
}
Event: 0.722 GC heap before
{Heap before GC invocations=5 (full 0):
 garbage-first heap   total 28672K, used 18947K [0x0000000704e00000, 0x0000000800000000)
  region size 2048K, 7 young (14336K), 1 survivors (2048K)
 Metaspace       used 25869K, committed 26112K, reserved 1114112K
  class space    used 2641K, committed 2752K, reserved 1048576K
}
Event: 0.723 GC heap after
{Heap after GC invocations=6 (full 0):
 garbage-first heap   total 28672K, used 6550K [0x0000000704e00000, 0x0000000800000000)
  region size 2048K, 1 young (2048K), 1 survivors (2048K)
 Metaspace       used 25869K, committed 26112K, reserved 1114112K
  class space    used 2641K, committed 2752K, reserved 1048576K
}

